<?xml version="1.0" encoding="UTF-8"?>
<testng-results skipped="0" failed="0" ignored="0" total="1" passed="1">
  <reporter-output>
  </reporter-output>
  <suite name="Default suite" duration-ms="13979" started-at="2018-11-25T06:25:58Z" finished-at="2018-11-25T06:26:12Z">
    <groups>
    </groups>
    <test name="Default test" duration-ms="13979" started-at="2018-11-25T06:25:58Z" finished-at="2018-11-25T06:26:12Z">
      <class name="com.MavenJavaProject.MavenJavaProject.Hello1">
        <test-method status="PASS" signature="f()[pri:0, instance:com.MavenJavaProject.MavenJavaProject.Hello1@4501b7af]" name="f" duration-ms="13945" started-at="2018-11-25T06:25:58Z" finished-at="2018-11-25T06:26:12Z">
          <reporter-output>
          </reporter-output>
        </test-method> <!-- f -->
      </class> <!-- com.MavenJavaProject.MavenJavaProject.Hello1 -->
    </test> <!-- Default test -->
  </suite> <!-- Default suite -->
</testng-results>
